# JRE version: OpenJDK Runtime Environment Microsoft-10376486 (17.0.13+11) (build 17.0.13+11-LTS)
# Java VM: OpenJDK 64-Bit Server VM Microsoft-10376486 (17.0.13+11-LTS, mixed mode, sharing, tiered, compressed oops, compressed class ptrs, g1 gc, windows-amd64)
GC Precious Log:
 CPUs: 4 total, 4 available
 Memory: 8057M
 Large Page Support: Disabled
 NUMA Support: Disabled
 Compressed Oops: Enabled (32-bit)
 Heap Region Size: 1M
 Heap Min Capacity: 8M
 Heap Initial Capacity: 126M
 Heap Max Capacity: 2G
 Pre-touch: Disabled
 Parallel Workers: 4
 Concurrent Workers: 1
 Concurrent Refinement Workers: 4
 Periodic GC: Disabled
Heap:
 garbage-first heap   total 101376K, used 57498K [0x0000000080000000, 0x0000000100000000)
  region size 1024K, 1 young (1024K), 1 survivors (1024K)
 Metaspace       used 64609K, committed 65280K, reserved 491520K
  class space    used 9137K, committed 9472K, reserved 425984K
GC Heap History (20 events):
Event: 21.532 GC heap after
{Heap after GC invocations=16 (full 0):
 garbage-first heap   total 86016K, used 42753K [0x0000000080000000, 0x0000000100000000)
  region size 1024K, 5 young (5120K), 5 survivors (5120K)
 Metaspace       used 53273K, committed 53824K, reserved 491520K
  class space    used 7518K, committed 7808K, reserved 425984K
}
Event: 22.525 GC heap before
{Heap before GC invocations=16 (full 0):
 garbage-first heap   total 86016K, used 68353K [0x0000000080000000, 0x0000000100000000)
  region size 1024K, 31 young (31744K), 5 survivors (5120K)
 Metaspace       used 54192K, committed 54848K, reserved 491520K
  class space    used 7599K, committed 7872K, reserved 425984K
}
Event: 22.537 GC heap after
{Heap after GC invocations=17 (full 0):
 garbage-first heap   total 86016K, used 46696K [0x0000000080000000, 0x0000000100000000)
  region size 1024K, 4 young (4096K), 4 survivors (4096K)
 Metaspace       used 54192K, committed 54848K, reserved 491520K
  class space    used 7599K, committed 7872K, reserved 425984K
}
Event: 23.923 GC heap before
{Heap before GC invocations=18 (full 0):
 garbage-first heap   total 86016K, used 75368K [0x0000000080000000, 0x0000000100000000)
  region size 1024K, 26 young (26624K), 4 survivors (4096K)
 Metaspace       used 56496K, committed 57088K, reserved 491520K
  class space    used 7896K, committed 8192K, reserved 425984K
}
Event: 23.933 GC heap after
{Heap after GC invocations=19 (full 0):
 garbage-first heap   total 86016K, used 54929K [0x0000000080000000, 0x0000000100000000)
  region size 1024K, 3 young (3072K), 3 survivors (3072K)
 Metaspace       used 56496K, committed 57088K, reserved 491520K
  class space    used 7896K, committed 8192K, reserved 425984K
}
Event: 23.960 GC heap before
{Heap before GC invocations=19 (full 0):
 garbage-first heap   total 86016K, used 55953K [0x0000000080000000, 0x0000000100000000)
  region size 1024K, 4 young (4096K), 3 survivors (3072K)
 Metaspace       used 56587K, committed 57216K, reserved 491520K
  class space    used 7907K, committed 8192K, reserved 425984K
}
Event: 23.963 GC heap after
{Heap after GC invocations=20 (full 0):
 garbage-first heap   total 86016K, used 55056K [0x0000000080000000, 0x0000000100000000)
  region size 1024K, 1 young (1024K), 1 survivors (1024K)
 Metaspace       used 56587K, committed 57216K, reserved 491520K
  class space    used 7907K, committed 8192K, reserved 425984K
}
Event: 24.477 GC heap before
{Heap before GC invocations=20 (full 0):
 garbage-first heap   total 86016K, used 71440K [0x0000000080000000, 0x0000000100000000)
  region size 1024K, 17 young (17408K), 1 survivors (1024K)
 Metaspace       used 57686K, committed 58304K, reserved 491520K
  class space    used 8095K, committed 8384K, reserved 425984K
}
Event: 24.483 GC heap after
{Heap after GC invocations=21 (full 0):
 garbage-first heap   total 86016K, used 55264K [0x0000000080000000, 0x0000000100000000)
  region size 1024K, 1 young (1024K), 1 survivors (1024K)
 Metaspace       used 57686K, committed 58304K, reserved 491520K
  class space    used 8095K, committed 8384K, reserved 425984K
}
Event: 25.106 GC heap before
{Heap before GC invocations=22 (full 0):
 garbage-first heap   total 101376K, used 69600K [0x0000000080000000, 0x0000000100000000)
  region size 1024K, 16 young (16384K), 1 survivors (1024K)
 Metaspace       used 58748K, committed 59456K, reserved 491520K
  class space    used 8236K, committed 8576K, reserved 425984K
}
Event: 25.112 GC heap after
{Heap after GC invocations=23 (full 0):
 garbage-first heap   total 101376K, used 56086K [0x0000000080000000, 0x0000000100000000)
  region size 1024K, 2 young (2048K), 2 survivors (2048K)
 Metaspace       used 58748K, committed 59456K, reserved 491520K
  class space    used 8236K, committed 8576K, reserved 425984K
}
Event: 25.169 GC heap before
{Heap before GC invocations=23 (full 0):
 garbage-first heap   total 101376K, used 57110K [0x0000000080000000, 0x0000000100000000)
  region size 1024K, 4 young (4096K), 2 survivors (2048K)
 Metaspace       used 58849K, committed 59520K, reserved 491520K
  class space    used 8253K, committed 8576K, reserved 425984K
}
Event: 25.173 GC heap after
{Heap after GC invocations=24 (full 0):
 garbage-first heap   total 101376K, used 55639K [0x0000000080000000, 0x0000000100000000)
  region size 1024K, 1 young (1024K), 1 survivors (1024K)
 Metaspace       used 58849K, committed 59520K, reserved 491520K
  class space    used 8253K, committed 8576K, reserved 425984K
}
Event: 26.115 GC heap before
{Heap before GC invocations=24 (full 0):
 garbage-first heap   total 101376K, used 83287K [0x0000000080000000, 0x0000000100000000)
  region size 1024K, 28 young (28672K), 1 survivors (1024K)
 Metaspace       used 61020K, committed 61696K, reserved 491520K
  class space    used 8578K, committed 8896K, reserved 425984K
}
Event: 26.119 GC heap after
{Heap after GC invocations=25 (full 0):
 garbage-first heap   total 101376K, used 56209K [0x0000000080000000, 0x0000000100000000)
  region size 1024K, 1 young (1024K), 1 survivors (1024K)
 Metaspace       used 61020K, committed 61696K, reserved 491520K
  class space    used 8578K, committed 8896K, reserved 425984K
}
Event: 27.766 GC heap before
{Heap before GC invocations=26 (full 0):
 garbage-first heap   total 101376K, used 83857K [0x0000000080000000, 0x0000000100000000)
  region size 1024K, 28 young (28672K), 1 survivors (1024K)
 Metaspace       used 63011K, committed 63744K, reserved 491520K
  class space    used 8896K, committed 9280K, reserved 425984K
}
Event: 27.771 GC heap after
{Heap after GC invocations=27 (full 0):
 garbage-first heap   total 101376K, used 57096K [0x0000000080000000, 0x0000000100000000)
  region size 1024K, 2 young (2048K), 2 survivors (2048K)
 Metaspace       used 63011K, committed 63744K, reserved 491520K
  class space    used 8896K, committed 9280K, reserved 425984K
}
Event: 27.845 GC heap before
{Heap before GC invocations=27 (full 0):
 garbage-first heap   total 101376K, used 58120K [0x0000000080000000, 0x0000000100000000)
  region size 1024K, 4 young (4096K), 2 survivors (2048K)
 Metaspace       used 63128K, committed 63872K, reserved 491520K
  class space    used 8909K, committed 9280K, reserved 425984K
}
Event: 27.851 GC heap after
{Heap after GC invocations=28 (full 0):
 garbage-first heap   total 101376K, used 56809K [0x0000000080000000, 0x0000000100000000)
  region size 1024K, 1 young (1024K), 1 survivors (1024K)
 Metaspace       used 63128K, committed 63872K, reserved 491520K
  class space    used 8909K, committed 9280K, reserved 425984K
}
Event: 28.727 GC heap before
{Heap before GC invocations=28 (full 0):
 garbage-first heap   total 101376K, used 84457K [0x0000000080000000, 0x0000000100000000)
  region size 1024K, 28 young (28672K), 1 survivors (1024K)
 Metaspace       used 64609K, committed 65280K, reserved 491520K
  class space    used 9137K, committed 9472K, reserved 425984K
}

