# JRE version: OpenJDK Runtime Environment Microsoft-10376486 (17.0.13+11) (build 17.0.13+11-LTS)
# Java VM: OpenJDK 64-Bit Server VM Microsoft-10376486 (17.0.13+11-LTS, mixed mode, sharing, tiered, compressed oops, compressed class ptrs, g1 gc, windows-amd64)
GC Precious Log:
 CPUs: 4 total, 4 available
 Memory: 8057M
 Large Page Support: Disabled
 NUMA Support: Disabled
 Compressed Oops: Enabled (32-bit)
 Heap Region Size: 1M
 Heap Min Capacity: 8M
 Heap Initial Capacity: 126M
 Heap Max Capacity: 2G
 Pre-touch: Disabled
 Parallel Workers: 4
 Concurrent Workers: 1
 Concurrent Refinement Workers: 4
 Periodic GC: Disabled
Heap:
 garbage-first heap   total 309248K, used 259091K [0x0000000080000000, 0x0000000100000000)
  region size 1024K, 11 young (11264K), 3 survivors (3072K)
 Metaspace       used 116272K, committed 117824K, reserved 557056K
  class space    used 16130K, committed 16896K, reserved 425984K
GC Heap History (20 events):
Event: 117.459 GC heap before
{Heap before GC invocations=74 (full 0):
 garbage-first heap   total 309248K, used 265955K [0x0000000080000000, 0x0000000100000000)
  region size 1024K, 30 young (30720K), 4 survivors (4096K)
 Metaspace       used 115752K, committed 117248K, reserved 557056K
  class space    used 16081K, committed 16768K, reserved 425984K
}
Event: 117.465 GC heap after
{Heap after GC invocations=75 (full 0):
 garbage-first heap   total 309248K, used 240325K [0x0000000080000000, 0x0000000100000000)
  region size 1024K, 4 young (4096K), 4 survivors (4096K)
 Metaspace       used 115752K, committed 117248K, reserved 557056K
  class space    used 16081K, committed 16768K, reserved 425984K
}
Event: 118.502 GC heap before
{Heap before GC invocations=75 (full 0):
 garbage-first heap   total 309248K, used 264901K [0x0000000080000000, 0x0000000100000000)
  region size 1024K, 29 young (29696K), 4 survivors (4096K)
 Metaspace       used 115753K, committed 117248K, reserved 557056K
  class space    used 16081K, committed 16768K, reserved 425984K
}
Event: 118.512 GC heap after
{Heap after GC invocations=76 (full 0):
 garbage-first heap   total 309248K, used 241379K [0x0000000080000000, 0x0000000100000000)
  region size 1024K, 4 young (4096K), 4 survivors (4096K)
 Metaspace       used 115753K, committed 117248K, reserved 557056K
  class space    used 16081K, committed 16768K, reserved 425984K
}
Event: 119.317 GC heap before
{Heap before GC invocations=76 (full 0):
 garbage-first heap   total 309248K, used 264931K [0x0000000080000000, 0x0000000100000000)
  region size 1024K, 28 young (28672K), 4 survivors (4096K)
 Metaspace       used 115788K, committed 117248K, reserved 557056K
  class space    used 16083K, committed 16768K, reserved 425984K
}
Event: 119.328 GC heap after
{Heap after GC invocations=77 (full 0):
 garbage-first heap   total 309248K, used 241956K [0x0000000080000000, 0x0000000100000000)
  region size 1024K, 3 young (3072K), 3 survivors (3072K)
 Metaspace       used 115788K, committed 117248K, reserved 557056K
  class space    used 16083K, committed 16768K, reserved 425984K
}
Event: 119.985 GC heap before
{Heap before GC invocations=77 (full 0):
 garbage-first heap   total 309248K, used 266532K [0x0000000080000000, 0x0000000100000000)
  region size 1024K, 28 young (28672K), 3 survivors (3072K)
 Metaspace       used 115874K, committed 117376K, reserved 557056K
  class space    used 16092K, committed 16832K, reserved 425984K
}
Event: 119.993 GC heap after
{Heap after GC invocations=78 (full 0):
 garbage-first heap   total 309248K, used 243731K [0x0000000080000000, 0x0000000100000000)
  region size 1024K, 3 young (3072K), 3 survivors (3072K)
 Metaspace       used 115874K, committed 117376K, reserved 557056K
  class space    used 16092K, committed 16832K, reserved 425984K
}
Event: 120.618 GC heap before
{Heap before GC invocations=78 (full 0):
 garbage-first heap   total 309248K, used 267283K [0x0000000080000000, 0x0000000100000000)
  region size 1024K, 27 young (27648K), 3 survivors (3072K)
 Metaspace       used 115937K, committed 117440K, reserved 557056K
  class space    used 16098K, committed 16832K, reserved 425984K
}
Event: 120.626 GC heap after
{Heap after GC invocations=79 (full 0):
 garbage-first heap   total 309248K, used 245661K [0x0000000080000000, 0x0000000100000000)
  region size 1024K, 3 young (3072K), 3 survivors (3072K)
 Metaspace       used 115937K, committed 117440K, reserved 557056K
  class space    used 16098K, committed 16832K, reserved 425984K
}
Event: 121.200 GC heap before
{Heap before GC invocations=79 (full 0):
 garbage-first heap   total 309248K, used 267165K [0x0000000080000000, 0x0000000100000000)
  region size 1024K, 25 young (25600K), 3 survivors (3072K)
 Metaspace       used 116088K, committed 117632K, reserved 557056K
  class space    used 16116K, committed 16832K, reserved 425984K
}
Event: 121.209 GC heap after
{Heap after GC invocations=80 (full 0):
 garbage-first heap   total 309248K, used 247640K [0x0000000080000000, 0x0000000100000000)
  region size 1024K, 4 young (4096K), 4 survivors (4096K)
 Metaspace       used 116088K, committed 117632K, reserved 557056K
  class space    used 16116K, committed 16832K, reserved 425984K
}
Event: 121.449 GC heap before
{Heap before GC invocations=80 (full 0):
 garbage-first heap   total 309248K, used 268120K [0x0000000080000000, 0x0000000100000000)
  region size 1024K, 25 young (25600K), 4 survivors (4096K)
 Metaspace       used 116090K, committed 117632K, reserved 557056K
  class space    used 16116K, committed 16832K, reserved 425984K
}
Event: 121.458 GC heap after
{Heap after GC invocations=81 (full 0):
 garbage-first heap   total 309248K, used 248888K [0x0000000080000000, 0x0000000100000000)
  region size 1024K, 3 young (3072K), 3 survivors (3072K)
 Metaspace       used 116090K, committed 117632K, reserved 557056K
  class space    used 16116K, committed 16832K, reserved 425984K
}
Event: 121.786 GC heap before
{Heap before GC invocations=81 (full 0):
 garbage-first heap   total 309248K, used 268344K [0x0000000080000000, 0x0000000100000000)
  region size 1024K, 23 young (23552K), 3 survivors (3072K)
 Metaspace       used 116127K, committed 117632K, reserved 557056K
  class space    used 16120K, committed 16832K, reserved 425984K
}
Event: 121.793 GC heap after
{Heap after GC invocations=82 (full 0):
 garbage-first heap   total 309248K, used 249887K [0x0000000080000000, 0x0000000100000000)
  region size 1024K, 3 young (3072K), 3 survivors (3072K)
 Metaspace       used 116127K, committed 117632K, reserved 557056K
  class space    used 16120K, committed 16832K, reserved 425984K
}
Event: 122.132 GC heap before
{Heap before GC invocations=82 (full 0):
 garbage-first heap   total 309248K, used 268319K [0x0000000080000000, 0x0000000100000000)
  region size 1024K, 22 young (22528K), 3 survivors (3072K)
 Metaspace       used 116180K, committed 117760K, reserved 557056K
  class space    used 16127K, committed 16896K, reserved 425984K
}
Event: 122.141 GC heap after
{Heap after GC invocations=83 (full 0):
 garbage-first heap   total 309248K, used 251239K [0x0000000080000000, 0x0000000100000000)
  region size 1024K, 3 young (3072K), 3 survivors (3072K)
 Metaspace       used 116180K, committed 117760K, reserved 557056K
  class space    used 16127K, committed 16896K, reserved 425984K
}
Event: 122.562 GC heap before
{Heap before GC invocations=83 (full 0):
 garbage-first heap   total 309248K, used 268647K [0x0000000080000000, 0x0000000100000000)
  region size 1024K, 21 young (21504K), 3 survivors (3072K)
 Metaspace       used 116259K, committed 117824K, reserved 557056K
  class space    used 16130K, committed 16896K, reserved 425984K
}
Event: 122.572 GC heap after
{Heap after GC invocations=84 (full 0):
 garbage-first heap   total 309248K, used 252947K [0x0000000080000000, 0x0000000100000000)
  region size 1024K, 3 young (3072K), 3 survivors (3072K)
 Metaspace       used 116259K, committed 117824K, reserved 557056K
  class space    used 16130K, committed 16896K, reserved 425984K
}

