# JRE version: OpenJDK Runtime Environment Microsoft-10376486 (17.0.13+11) (build 17.0.13+11-LTS)
# Java VM: OpenJDK 64-Bit Server VM Microsoft-10376486 (17.0.13+11-LTS, mixed mode, sharing, tiered, compressed oops, compressed class ptrs, g1 gc, windows-amd64)
GC Precious Log:
 CPUs: 4 total, 4 available
 Memory: 8057M
 Large Page Support: Disabled
 NUMA Support: Disabled
 Compressed Oops: Enabled (32-bit)
 Heap Region Size: 1M
 Heap Min Capacity: 8M
 Heap Initial Capacity: 126M
 Heap Max Capacity: 2G
 Pre-touch: Disabled
 Parallel Workers: 4
 Concurrent Workers: 1
 Concurrent Refinement Workers: 4
 Periodic GC: Disabled
Heap:
 garbage-first heap   total 339968K, used 204649K [0x0000000080000000, 0x0000000100000000)
  region size 1024K, 10 young (10240K), 10 survivors (10240K)
 Metaspace       used 108243K, committed 109504K, reserved 557056K
  class space    used 15035K, committed 15616K, reserved 425984K
GC Heap History (20 events):
Event: 76.449 GC heap after
{Heap after GC invocations=59 (full 0):
 garbage-first heap   total 226304K, used 180262K [0x0000000080000000, 0x0000000100000000)
  region size 1024K, 2 young (2048K), 2 survivors (2048K)
 Metaspace       used 107182K, committed 108352K, reserved 557056K
  class space    used 14868K, committed 15424K, reserved 425984K
}
Event: 76.700 GC heap before
{Heap before GC invocations=59 (full 0):
 garbage-first heap   total 226304K, used 192550K [0x0000000080000000, 0x0000000100000000)
  region size 1024K, 15 young (15360K), 2 survivors (2048K)
 Metaspace       used 107182K, committed 108352K, reserved 557056K
  class space    used 14868K, committed 15424K, reserved 425984K
}
Event: 76.705 GC heap after
{Heap after GC invocations=60 (full 0):
 garbage-first heap   total 226304K, used 181099K [0x0000000080000000, 0x0000000100000000)
  region size 1024K, 2 young (2048K), 2 survivors (2048K)
 Metaspace       used 107182K, committed 108352K, reserved 557056K
  class space    used 14868K, committed 15424K, reserved 425984K
}
Event: 76.913 GC heap before
{Heap before GC invocations=60 (full 0):
 garbage-first heap   total 226304K, used 194411K [0x0000000080000000, 0x0000000100000000)
  region size 1024K, 15 young (15360K), 2 survivors (2048K)
 Metaspace       used 107182K, committed 108352K, reserved 557056K
  class space    used 14868K, committed 15424K, reserved 425984K
}
Event: 76.918 GC heap after
{Heap after GC invocations=61 (full 0):
 garbage-first heap   total 226304K, used 182007K [0x0000000080000000, 0x0000000100000000)
  region size 1024K, 2 young (2048K), 2 survivors (2048K)
 Metaspace       used 107182K, committed 108352K, reserved 557056K
  class space    used 14868K, committed 15424K, reserved 425984K
}
Event: 77.089 GC heap before
{Heap before GC invocations=61 (full 0):
 garbage-first heap   total 226304K, used 194295K [0x0000000080000000, 0x0000000100000000)
  region size 1024K, 15 young (15360K), 2 survivors (2048K)
 Metaspace       used 107182K, committed 108352K, reserved 557056K
  class space    used 14868K, committed 15424K, reserved 425984K
}
Event: 77.095 GC heap after
{Heap after GC invocations=62 (full 0):
 garbage-first heap   total 272384K, used 183095K [0x0000000080000000, 0x0000000100000000)
  region size 1024K, 2 young (2048K), 2 survivors (2048K)
 Metaspace       used 107182K, committed 108352K, reserved 557056K
  class space    used 14868K, committed 15424K, reserved 425984K
}
Event: 77.996 GC heap before
{Heap before GC invocations=62 (full 0):
 garbage-first heap   total 272384K, used 227127K [0x0000000080000000, 0x0000000100000000)
  region size 1024K, 46 young (47104K), 2 survivors (2048K)
 Metaspace       used 107182K, committed 108352K, reserved 557056K
  class space    used 14868K, committed 15424K, reserved 425984K
}
Event: 78.004 GC heap after
{Heap after GC invocations=63 (full 0):
 garbage-first heap   total 272384K, used 185284K [0x0000000080000000, 0x0000000100000000)
  region size 1024K, 4 young (4096K), 4 survivors (4096K)
 Metaspace       used 107182K, committed 108352K, reserved 557056K
  class space    used 14868K, committed 15424K, reserved 425984K
}
Event: 79.621 GC heap before
{Heap before GC invocations=63 (full 0):
 garbage-first heap   total 272384K, used 233412K [0x0000000080000000, 0x0000000100000000)
  region size 1024K, 48 young (49152K), 4 survivors (4096K)
 Metaspace       used 107742K, committed 109056K, reserved 557056K
  class space    used 14938K, committed 15552K, reserved 425984K
}
Event: 79.637 GC heap after
{Heap after GC invocations=64 (full 0):
 garbage-first heap   total 272384K, used 197132K [0x0000000080000000, 0x0000000100000000)
  region size 1024K, 6 young (6144K), 6 survivors (6144K)
 Metaspace       used 107742K, committed 109056K, reserved 557056K
  class space    used 14938K, committed 15552K, reserved 425984K
}
Event: 79.691 GC heap before
{Heap before GC invocations=64 (full 0):
 garbage-first heap   total 272384K, used 198156K [0x0000000080000000, 0x0000000100000000)
  region size 1024K, 8 young (8192K), 6 survivors (6144K)
 Metaspace       used 107774K, committed 109056K, reserved 557056K
  class space    used 14940K, committed 15552K, reserved 425984K
}
Event: 79.702 GC heap after
{Heap after GC invocations=65 (full 0):
 garbage-first heap   total 272384K, used 198664K [0x0000000080000000, 0x0000000100000000)
  region size 1024K, 2 young (2048K), 2 survivors (2048K)
 Metaspace       used 107774K, committed 109056K, reserved 557056K
  class space    used 14940K, committed 15552K, reserved 425984K
}
Event: 80.475 GC heap before
{Heap before GC invocations=65 (full 0):
 garbage-first heap   total 272384K, used 224264K [0x0000000080000000, 0x0000000100000000)
  region size 1024K, 28 young (28672K), 2 survivors (2048K)
 Metaspace       used 107880K, committed 109184K, reserved 557056K
  class space    used 14954K, committed 15552K, reserved 425984K
}
Event: 80.487 GC heap after
{Heap after GC invocations=66 (full 0):
 garbage-first heap   total 272384K, used 202477K [0x0000000080000000, 0x0000000100000000)
  region size 1024K, 4 young (4096K), 4 survivors (4096K)
 Metaspace       used 107880K, committed 109184K, reserved 557056K
  class space    used 14954K, committed 15552K, reserved 425984K
}
Event: 80.931 GC heap before
{Heap before GC invocations=67 (full 0):
 garbage-first heap   total 339968K, used 222957K [0x0000000080000000, 0x0000000100000000)
  region size 1024K, 25 young (25600K), 4 survivors (4096K)
 Metaspace       used 107880K, committed 109184K, reserved 557056K
  class space    used 14954K, committed 15552K, reserved 425984K
}
Event: 80.961 GC heap after
{Heap after GC invocations=68 (full 0):
 garbage-first heap   total 339968K, used 203779K [0x0000000080000000, 0x0000000100000000)
  region size 1024K, 3 young (3072K), 3 survivors (3072K)
 Metaspace       used 107880K, committed 109184K, reserved 557056K
  class space    used 14954K, committed 15552K, reserved 425984K
}
Event: 81.092 GC heap before
{Heap before GC invocations=68 (full 0):
 garbage-first heap   total 339968K, used 216067K [0x0000000080000000, 0x0000000100000000)
  region size 1024K, 16 young (16384K), 3 survivors (3072K)
 Metaspace       used 107880K, committed 109184K, reserved 557056K
  class space    used 14954K, committed 15552K, reserved 425984K
}
Event: 81.133 GC heap after
{Heap after GC invocations=69 (full 0):
 garbage-first heap   total 339968K, used 194450K [0x0000000080000000, 0x0000000100000000)
  region size 1024K, 2 young (2048K), 2 survivors (2048K)
 Metaspace       used 107880K, committed 109184K, reserved 557056K
  class space    used 14954K, committed 15552K, reserved 425984K
}
Event: 82.953 GC heap before
{Heap before GC invocations=69 (full 0):
 garbage-first heap   total 339968K, used 268178K [0x0000000080000000, 0x0000000100000000)
  region size 1024K, 73 young (74752K), 2 survivors (2048K)
 Metaspace       used 108243K, committed 109504K, reserved 557056K
  class space    used 15035K, committed 15616K, reserved 425984K
}

